
de - 2015-08-09 - 04:06:08 ----
de - Møgeltønder = 54.942778 | 

==== 2015-08-09 - 04:08:30 ====

en - 2015-08-09 - 04:15:10 ----
en - Syvota = 39.407 | 20.242}}{{pagebanner

==== 2015-08-09 - 04:20:33 ====

el - 2015-08-09 - 04:22:25 ----

es - 2015-08-09 - 04:22:27 ----

fa - 2015-08-09 - 04:22:32 ----

fr - 2015-08-09 - 04:22:48 ----

he - 2015-08-09 - 04:24:27 ----

it - 2015-08-09 - 04:24:33 ----
it - Capodacqua (Arquata del Tronto) = 42.73733N | 13.23885E
it - Colle di Arquata = 42.73177N | 13.30876E
it - Faete = 42.76970N | 13.31118E

nl - 2015-08-09 - 04:26:08 ----

pl - 2015-08-09 - 04:26:12 ----

pt - 2015-08-09 - 04:26:16 ----

ro - 2015-08-09 - 04:26:20 ----

ru - 2015-08-09 - 04:26:22 ----

sv - 2015-08-09 - 04:26:37 ----
sv - Heidelberg = 49.410 | 8.695}}===Att ta med sig till {{PAGENAME}}==={{bidrag saknas}}===Att ta med sig från {{PAGENAME}}==={{bidrag saknas}}==Fakta om {{PAGENAME}}=={{bidrag saknas}}===Historik==={{bidrag saknas}}===Lokalbefolkningen==={{bidrag saknas}}==Stadsdelar=={{bidrag saknas}}==Att ta sig till {{PAGENAME}}=={{bidrag saknas

uk - 2015-08-09 - 04:26:43 ----

vi - 2015-08-09 - 04:26:45 ----

zh - 2015-08-09 - 04:26:48 ----

==== 2015-08-09 - 04:26:52 ====
